<?xml version="1.0" encoding="UTF-8"?>
<!-- Generated by org.testng.reporters.JUnitXMLReporter -->
<testsuite hostname="Clairvoyant-590" ignored="0" name="Test" tests="3" failures="0" timestamp="2023-02-02T00:29:44 IST" time="49.024" errors="0">
  <testcase name="LaunchPage" time="3.711" classname="com.ebanking.testcases.LoginTestPage"/>
  <testcase name="ValidateTextPresent" time="2.719" classname="com.ebanking.testcases.HomeTestPage"/>
  <testcase name="addCustomerToBank" time="16.513" classname="com.ebanking.testcases.TC_Add_New_Customer"/>
</testsuite> <!-- Test -->
