<?xml version="1.0" encoding="UTF-8"?>
<testng-results skipped="0" failed="0" ignored="0" total="3" passed="3">
  <reporter-output>
  </reporter-output>
  <suite name="Suite" duration-ms="49024" started-at="2023-02-02T00:28:55 IST" finished-at="2023-02-02T00:29:44 IST">
    <groups>
    </groups>
    <test name="Test" duration-ms="49024" started-at="2023-02-02T00:28:55 IST" finished-at="2023-02-02T00:29:44 IST">
      <class name="com.ebanking.testcases.HomeTestPage">
        <test-method status="PASS" signature="setup()[pri:0, instance:com.ebanking.testcases.HomeTestPage@50d0686]" name="setup" is-config="true" duration-ms="6605" started-at="2023-02-02T00:29:08 IST" finished-at="2023-02-02T00:29:14 IST">
          <reporter-output>
          </reporter-output>
        </test-method> <!-- setup -->
        <test-method status="PASS" signature="ValidateTextPresent()[pri:0, instance:com.ebanking.testcases.HomeTestPage@50d0686]" name="ValidateTextPresent" duration-ms="2719" started-at="2023-02-02T00:29:14 IST" finished-at="2023-02-02T00:29:17 IST">
          <reporter-output>
          </reporter-output>
        </test-method> <!-- ValidateTextPresent -->
        <test-method status="PASS" signature="teatDown()[pri:0, instance:com.ebanking.testcases.HomeTestPage@50d0686]" name="teatDown" is-config="true" duration-ms="898" started-at="2023-02-02T00:29:17 IST" finished-at="2023-02-02T00:29:18 IST">
          <reporter-output>
          </reporter-output>
        </test-method> <!-- teatDown -->
      </class> <!-- com.ebanking.testcases.HomeTestPage -->
      <class name="com.ebanking.testcases.TC_Add_New_Customer">
        <test-method status="PASS" signature="setup()[pri:0, instance:com.ebanking.testcases.TC_Add_New_Customer@7a3d45bd]" name="setup" is-config="true" duration-ms="8682" started-at="2023-02-02T00:29:18 IST" finished-at="2023-02-02T00:29:26 IST">
          <reporter-output>
          </reporter-output>
        </test-method> <!-- setup -->
        <test-method status="PASS" signature="addCustomerToBank()[pri:0, instance:com.ebanking.testcases.TC_Add_New_Customer@7a3d45bd]" name="addCustomerToBank" duration-ms="16513" started-at="2023-02-02T00:29:26 IST" finished-at="2023-02-02T00:29:43 IST">
          <reporter-output>
          </reporter-output>
        </test-method> <!-- addCustomerToBank -->
        <test-method status="PASS" signature="teatDown()[pri:0, instance:com.ebanking.testcases.TC_Add_New_Customer@7a3d45bd]" name="teatDown" is-config="true" duration-ms="999" started-at="2023-02-02T00:29:43 IST" finished-at="2023-02-02T00:29:44 IST">
          <reporter-output>
          </reporter-output>
        </test-method> <!-- teatDown -->
      </class> <!-- com.ebanking.testcases.TC_Add_New_Customer -->
      <class name="com.ebanking.testcases.LoginTestPage">
        <test-method status="PASS" signature="setup()[pri:0, instance:com.ebanking.testcases.LoginTestPage@42f93a98]" name="setup" is-config="true" duration-ms="7624" started-at="2023-02-02T00:28:55 IST" finished-at="2023-02-02T00:29:03 IST">
          <reporter-output>
          </reporter-output>
        </test-method> <!-- setup -->
        <test-method status="PASS" signature="LaunchPage()[pri:0, instance:com.ebanking.testcases.LoginTestPage@42f93a98]" name="LaunchPage" duration-ms="3711" started-at="2023-02-02T00:29:03 IST" finished-at="2023-02-02T00:29:07 IST">
          <reporter-output>
          </reporter-output>
        </test-method> <!-- LaunchPage -->
        <test-method status="PASS" signature="teatDown()[pri:0, instance:com.ebanking.testcases.LoginTestPage@42f93a98]" name="teatDown" is-config="true" duration-ms="982" started-at="2023-02-02T00:29:07 IST" finished-at="2023-02-02T00:29:08 IST">
          <reporter-output>
          </reporter-output>
        </test-method> <!-- teatDown -->
      </class> <!-- com.ebanking.testcases.LoginTestPage -->
    </test> <!-- Test -->
  </suite> <!-- Suite -->
</testng-results>
